<?xml version="1.0" encoding="UTF-8"?>
<testng-results ignored="0" total="1" passed="1" failed="0" skipped="0">
  <reporter-output>
  </reporter-output>
  <suite started-at="2022-01-03T09:51:10 BRT" name="Default suite" finished-at="2022-01-03T09:52:49 BRT" duration-ms="98575">
    <groups>
    </groups>
    <test started-at="2022-01-03T09:51:10 BRT" name="Default test" finished-at="2022-01-03T09:52:49 BRT" duration-ms="98575">
      <class name="CEOS.RECEBIMENTO_SELENIDE.runnerGuerra">
        <test-method is-config="true" signature="Start()[pri:0, instance:CEOS.RECEBIMENTO_SELENIDE.runnerGuerra@43301423]" started-at="2022-01-03T09:51:10 BRT" name="Start" finished-at="2022-01-03T09:51:10 BRT" duration-ms="32" status="PASS">
          <reporter-output>
          </reporter-output>
        </test-method> <!-- Start -->
        <test-method signature="ExpedicaoCompleta()[pri:0, instance:CEOS.RECEBIMENTO_SELENIDE.runnerGuerra@43301423]" started-at="2022-01-03T09:51:10 BRT" name="ExpedicaoCompleta" finished-at="2022-01-03T09:52:49 BRT" duration-ms="98516" status="PASS">
          <reporter-output>
          </reporter-output>
        </test-method> <!-- ExpedicaoCompleta -->
      </class> <!-- CEOS.RECEBIMENTO_SELENIDE.runnerGuerra -->
    </test> <!-- Default test -->
  </suite> <!-- Default suite -->
</testng-results>
